[0m[[0m[0mdebug[0m] [0m[0m> Exec(;Test/compile; collectAnalyses, None, Some(CommandSource(network-1)))[0m
[0m[[0m[0mdebug[0m] [0m[0munmatched Processing event for requestId None: None[0m
[0m[[0m[0mdebug[0m] [0m[0munmatched Done event for requestId None: None[0m
[0m[[0m[0mdebug[0m] [0m[0m> Exec(Test/compile, None, Some(CommandSource(network-1)))[0m
[0m[[0m[0mdebug[0m] [0m[0munmatched Processing event for requestId None: None[0m
[0m[[0m[0mdebug[0m] [0m[0mEvaluating tasks: Test / compile[0m
[0m[[0m[0mdebug[0m] [0m[0mRunning task... Cancel: Signal, check cycles: false, forcegc: true[0m
[0m[[0m[0mdebug[0m] [0m[0mjsonRpcNotify: JsonRpcNotificationMessage(2.0, build/taskStart, {"taskId":{"id":"237","parents":[]},"eventTime":1647604287344,"message":"Compiling scala-graph-project","dataKind":"compile-task","data":{"target":{"uri":"file:/home/cytech/scala-graph-project/#scala-graph-project/Compile"}}})[0m
[0m[[0m[0mdebug[0m] [0m[0mjsonRpcNotify: JsonRpcNotificationMessage(2.0, build/publishDiagnostics, {"textDocument":{"uri":"file:///home/cytech/scala-graph-project/src/main/scala/directed/Arc.scala"},"buildTarget":{"uri":"file:/home/cytech/scala-graph-project/#scala-graph-project/Compile"},"diagnostics":[],"reset":true})[0m
[0m[[0m[0mdebug[0m] [0m[0mjsonRpcNotify: JsonRpcNotificationMessage(2.0, build/publishDiagnostics, {"textDocument":{"uri":"file:///home/cytech/scala-graph-project/src/main/scala/undirected/SimpleGraphDefaultImpl.scala"},"buildTarget":{"uri":"file:/home/cytech/scala-graph-project/#scala-graph-project/Compile"},"diagnostics":[],"reset":true})[0m
[0m[[0m[0mdebug[0m] [0m[0mjsonRpcNotify: JsonRpcNotificationMessage(2.0, build/publishDiagnostics, {"textDocument":{"uri":"file:///home/cytech/scala-graph-project/src/main/scala/directed/StrictGraphMatrixImpl.scala"},"buildTarget":{"uri":"file:/home/cytech/scala-graph-project/#scala-graph-project/Compile"},"diagnostics":[],"reset":true})[0m
[0m[[0m[0mdebug[0m] [0m[0mjsonRpcNotify: JsonRpcNotificationMessage(2.0, build/publishDiagnostics, {"textDocument":{"uri":"file:///home/cytech/scala-graph-project/src/main/scala/directed/StrictGraphSuccessorsImpl.scala"},"buildTarget":{"uri":"file:/home/cytech/scala-graph-project/#scala-graph-project/Compile"},"diagnostics":[],"reset":true})[0m
[0m[[0m[0mdebug[0m] [0m[0mjsonRpcNotify: JsonRpcNotificationMessage(2.0, build/publishDiagnostics, {"textDocument":{"uri":"file:///home/cytech/scala-graph-project/src/main/scala/undirected/SimpleGraphMatrixImpl.scala"},"buildTarget":{"uri":"file:/home/cytech/scala-graph-project/#scala-graph-project/Compile"},"diagnostics":[],"reset":true})[0m
[0m[[0m[0mdebug[0m] [0m[0mjsonRpcNotify: JsonRpcNotificationMessage(2.0, build/publishDiagnostics, {"textDocument":{"uri":"file:///home/cytech/scala-graph-project/src/main/scala/directed/StrictGraph.scala"},"buildTarget":{"uri":"file:/home/cytech/scala-graph-project/#scala-graph-project/Compile"},"diagnostics":[],"reset":true})[0m
[0m[[0m[0mdebug[0m] [0m[0mjsonRpcNotify: JsonRpcNotificationMessage(2.0, build/publishDiagnostics, {"textDocument":{"uri":"file:///home/cytech/scala-graph-project/src/main/scala/undirected/SimpleGraphNeighborsImpl.scala"},"buildTarget":{"uri":"file:/home/cytech/scala-graph-project/#scala-graph-project/Compile"},"diagnostics":[],"reset":true})[0m
[0m[[0m[0mdebug[0m] [0m[0mjsonRpcNotify: JsonRpcNotificationMessage(2.0, build/publishDiagnostics, {"textDocument":{"uri":"file:///home/cytech/scala-graph-project/src/main/scala/directed/StrictGraphDefaultImpl.scala"},"buildTarget":{"uri":"file:/home/cytech/scala-graph-project/#scala-graph-project/Compile"},"diagnostics":[],"reset":true})[0m
[0m[[0m[0mdebug[0m] [0m[0mjsonRpcNotify: JsonRpcNotificationMessage(2.0, build/publishDiagnostics, {"textDocument":{"uri":"file:///home/cytech/scala-graph-project/src/main/scala/undirected/SimpleGraph.scala"},"buildTarget":{"uri":"file:/home/cytech/scala-graph-project/#scala-graph-project/Compile"},"diagnostics":[],"reset":true})[0m
[0m[[0m[0mdebug[0m] [0m[0mjsonRpcNotify: JsonRpcNotificationMessage(2.0, build/publishDiagnostics, {"textDocument":{"uri":"file:///home/cytech/scala-graph-project/src/main/scala/graph.scala"},"buildTarget":{"uri":"file:/home/cytech/scala-graph-project/#scala-graph-project/Compile"},"diagnostics":[],"reset":true})[0m
[0m[[0m[0mdebug[0m] [0m[0mjsonRpcNotify: JsonRpcNotificationMessage(2.0, build/publishDiagnostics, {"textDocument":{"uri":"file:///home/cytech/scala-graph-project/src/main/scala/undirected/Edge.scala"},"buildTarget":{"uri":"file:/home/cytech/scala-graph-project/#scala-graph-project/Compile"},"diagnostics":[{"range":{"start":{"line":26,"character":20},"end":{"line":26,"character":27}},"severity":2,"source":"sbt","message":"abstract type V in type pattern undirected.Edge[V] is unchecked since it is eliminated by erasure"}],"reset":true})[0m
[0m[[0m[0mdebug[0m] [0m[0mjsonRpcNotify: JsonRpcNotificationMessage(2.0, build/taskFinish, {"taskId":{"id":"237","parents":[]},"eventTime":1647604287352,"message":"Compiled scala-graph-project","status":1,"dataKind":"compile-report","data":{"target":{"uri":"file:/home/cytech/scala-graph-project/#scala-graph-project/Compile"},"errors":0,"warnings":1,"time":8}})[0m
[0m[[0m[0mdebug[0m] [0m[0mjsonRpcNotify: JsonRpcNotificationMessage(2.0, build/taskStart, {"taskId":{"id":"238","parents":[]},"eventTime":1647604287399,"message":"Compiling scala-graph-project-test","dataKind":"compile-task","data":{"target":{"uri":"file:/home/cytech/scala-graph-project/#scala-graph-project/Test"}}})[0m
[0m[[0m[0mdebug[0m] [0m[0mjsonRpcNotify: JsonRpcNotificationMessage(2.0, build/publishDiagnostics, {"textDocument":{"uri":"file:///home/cytech/scala-graph-project/src/test/scala/directed/StrictGraphDefaultImplSpec.scala"},"buildTarget":{"uri":"file:/home/cytech/scala-graph-project/#scala-graph-project/Test"},"diagnostics":[],"reset":true})[0m
[0m[[0m[0mdebug[0m] [0m[0mjsonRpcNotify: JsonRpcNotificationMessage(2.0, build/publishDiagnostics, {"textDocument":{"uri":"file:///home/cytech/scala-graph-project/src/test/scala/undirected/SimpleGraphSpec.scala"},"buildTarget":{"uri":"file:/home/cytech/scala-graph-project/#scala-graph-project/Test"},"diagnostics":[],"reset":true})[0m
[0m[[0m[0mdebug[0m] [0m[0mjsonRpcNotify: JsonRpcNotificationMessage(2.0, build/publishDiagnostics, {"textDocument":{"uri":"file:///home/cytech/scala-graph-project/src/test/scala/undirected/SimpleGraphDefaultImplSpec.scala"},"buildTarget":{"uri":"file:/home/cytech/scala-graph-project/#scala-graph-project/Test"},"diagnostics":[],"reset":true})[0m
[0m[[0m[0mdebug[0m] [0m[0mjsonRpcNotify: JsonRpcNotificationMessage(2.0, build/publishDiagnostics, {"textDocument":{"uri":"file:///home/cytech/scala-graph-project/src/test/scala/directed/StrictGraphSpec.scala"},"buildTarget":{"uri":"file:/home/cytech/scala-graph-project/#scala-graph-project/Test"},"diagnostics":[],"reset":true})[0m
[0m[[0m[0mdebug[0m] [0m[0mjsonRpcNotify: JsonRpcNotificationMessage(2.0, build/taskFinish, {"taskId":{"id":"238","parents":[]},"eventTime":1647604287406,"message":"Compiled scala-graph-project-test","status":1,"dataKind":"compile-report","data":{"target":{"uri":"file:/home/cytech/scala-graph-project/#scala-graph-project/Test"},"errors":0,"warnings":0,"time":7}})[0m
[0m[[0m[32msuccess[0m] [0m[0mTotal time: 0 s, completed Mar 18, 2022, 12:51:27 PM[0m
[0m[[0m[0mdebug[0m] [0m[0munmatched Done event for requestId None: None[0m
[0m[[0m[0mdebug[0m] [0m[0m> Exec(collectAnalyses, None, Some(CommandSource(network-1)))[0m
[0m[[0m[0mdebug[0m] [0m[0munmatched Processing event for requestId None: None[0m
[0m[[0m[0mdebug[0m] [0m[0mEvaluating tasks: Compile / collectAnalyses[0m
[0m[[0m[0mdebug[0m] [0m[0mRunning task... Cancel: Signal, check cycles: false, forcegc: true[0m
[0m[[0m[0mdebug[0m] [0m[0manalysis location (/home/cytech/scala-graph-project/target/scala-2.13/zinc/inc_compile_2.13.zip,true)[0m
[0m[[0m[32msuccess[0m] [0m[0mTotal time: 0 s, completed Mar 18, 2022, 12:51:27 PM[0m
[0m[[0m[0mdebug[0m] [0m[0munmatched Done event for requestId None: None[0m
[0m[[0m[0mdebug[0m] [0m[0m> Exec(shell, None, None)[0m
